2026-01-25 08:30:00 [INFO] ==================================================================
2026-01-25 08:30:00 [INFO] 24시간 자동매매 시스템 시작
2026-01-25 08:30:00 [INFO] 한국장: 09:00-15:30 (KST)
2026-01-25 08:30:00 [INFO] 미국장: 23:30-06:00 (KST, 동계시간 기준)
2026-01-25 08:30:00 [INFO] ==================================================================
2026-01-25 08:30:01 [INFO] [INIT] 토큰 초기화 중...
2026-01-25 08:30:02 [INFO] [INIT] ✓ 토큰 발급 완료 (만료: 2026-01-26 08:30:02)
2026-01-25 08:30:03 [INFO] [INIT] 전략 객체 초기화 중...
2026-01-25 08:30:04 [INFO] [INIT] ✓ 한국 주식 전략 로드 완료
2026-01-25 08:30:04 [INFO] [INIT] KR 설정 로드 (섹터 모드): 5개 섹터
2026-01-25 08:30:04 [INFO] [INIT]   - 반도체: filter=3종목, watch=8종목
2026-01-25 08:30:04 [INFO] [INIT]   - IT/소프트웨어: filter=2종목, watch=5종목
2026-01-25 08:30:04 [INFO] [INIT]   - 바이오/제약: filter=1종목, watch=4종목
2026-01-25 08:30:05 [INFO] [INIT] ✓ 미국 주식 전략 로드 완료
2026-01-25 08:30:05 [INFO] [INIT] US 설정 로드: filter=5종목, watch=12종목
2026-01-25 08:30:06 [INFO] ==================================================================
2026-01-25 08:30:06 [INFO] [시간] 2026-01-25 08:30:06 KST / 2026-01-24 18:30:06 ET
2026-01-25 08:30:06 [INFO] [시장] 💤 휴장 중
2026-01-25 08:30:06 [INFO] ==================================================================
2026-01-25 08:30:06 [INFO] [토큰] 토큰 유효 (만료까지 23시간 59분)

2026-01-25 08:35:06 [INFO] ==================================================================
2026-01-25 08:35:06 [INFO] [시간] 2026-01-25 08:35:06 KST / 2026-01-24 18:35:06 ET
2026-01-25 08:35:06 [INFO] [시장] 💤 휴장 중
2026-01-25 08:35:06 [INFO] ==================================================================
2026-01-25 08:35:06 [INFO] [휴장] 다음 장 개장까지 대기 중...

# ===== 한국장 개장 =====
2026-01-25 09:00:30 [INFO] ==================================================================
2026-01-25 09:00:30 [INFO] [시간] 2026-01-25 09:00:30 KST / 2026-01-24 19:00:30 ET
2026-01-25 09:00:30 [INFO] [시장] 🇰🇷 한국장 개장 중 (09:00-15:30)
2026-01-25 09:00:30 [INFO] ==================================================================
2026-01-25 09:00:30 [INFO] [한국장] 전략 실행 중...
2026-01-25 09:00:31 [INFO] === 한국 주식 매도 전략 실행 ===
2026-01-25 09:00:32 [INFO] 예수금: 5,234,500원
2026-01-25 09:00:32 [INFO] 총 평가금액: 12,850,000원
2026-01-25 09:00:32 [INFO] 총 매입금액: 11,200,000원
2026-01-25 09:00:32 [INFO] 보유종목 수: 3개 (페이지: 1)
2026-01-25 09:00:33 [INFO] 종목 005930 (삼성전자): 수익률 +8.2% → 익절 조건 충족
2026-01-25 09:00:33 [INFO] === SELL 주문 실행 ===
2026-01-25 09:00:33 [INFO] 종목: 005930
2026-01-25 09:00:33 [INFO] 수량: 50주
2026-01-25 09:00:33 [INFO] 가격: 시장가
2026-01-25 09:00:35 [INFO] 주문 성공: 0000123456
2026-01-25 09:00:35 [INFO] [거래] SELL 005930 50주 @ 76,500원 (수익률: +8.2%) - 익절
2026-01-25 09:00:36 [INFO] === 한국 주식 매수 전략 실행 ===
2026-01-25 09:00:37 [INFO] [필터 체크] 섹터 조건 확인 중...
2026-01-25 09:00:38 [INFO] [필터 체크] 통과 섹터: 반도체 (005930: +2.5%, 000660: +1.8%)
2026-01-25 09:00:38 [INFO] [필터 체크] 통과 섹터: IT/소프트웨어 (035720: +3.1%)
2026-01-25 09:00:39 [INFO] 활성 watch_list: 13종목 (통과 섹터 2개)
2026-01-25 09:00:40 [INFO] 하락률 상위 종목 조회 중...
2026-01-25 09:00:41 [INFO]   1. 035420 (NAVER): -3.2% (현재가 215,000원)
2026-01-25 09:00:41 [INFO]   2. 035720 (카카오): -2.8% (현재가 48,500원)
2026-01-25 09:00:41 [INFO]   3. 051910 (LG화학): -1.5% (현재가 432,000원)
2026-01-25 09:00:42 [INFO] 035420 매수 조건 확인...
2026-01-25 09:00:42 [INFO] 035420: 현재가 215,000원이 이전 매도가(220,000원)보다 낮음 → 매수 가능
2026-01-25 09:00:43 [INFO] === BUY 주문 실행 ===
2026-01-25 09:00:43 [INFO] 종목: 035420
2026-01-25 09:00:43 [INFO] 수량: 24주
2026-01-25 09:00:43 [INFO] 가격: 시장가
2026-01-25 09:00:45 [INFO] 주문 성공: 0000123457
2026-01-25 09:00:45 [INFO] [거래] BUY 035420 24주 @ 215,000원
2026-01-25 09:00:46 [INFO] [한국장] ✓ 전략 실행 완료

# ===== 토큰 갱신 =====
2026-01-25 09:30:06 [INFO] ==================================================================
2026-01-25 09:30:06 [INFO] [시간] 2026-01-25 09:30:06 KST / 2026-01-24 19:30:06 ET
2026-01-25 09:30:06 [INFO] [시장] 🇰🇷 한국장 개장 중 (09:00-15:30)
2026-01-25 09:30:06 [INFO] ==================================================================
2026-01-25 09:30:06 [INFO] [토큰] 토큰 유효 (만료까지 23시간 0분)

# ===== 필터 조건 미충족 사례 =====
2026-01-25 10:00:30 [INFO] [한국장] 전략 실행 중...
2026-01-25 10:00:31 [INFO] === 한국 주식 매도 전략 실행 ===
2026-01-25 10:00:32 [INFO] 보유종목 수: 4개
2026-01-25 10:00:33 [INFO] 종목 035420 (NAVER): 수익률 +2.1% → 목표 미달성 (5% 필요)
2026-01-25 10:00:33 [INFO] 종목 035720 (카카오): 수익률 -3.5% → 손절 기준 미달성 (-10% 필요)
2026-01-25 10:00:34 [INFO] === 한국 주식 매수 전략 실행 ===
2026-01-25 10:00:35 [INFO] [필터 체크] 섹터 조건 확인 중...
2026-01-25 10:00:36 [INFO] [필터 체크] 통과 섹터 없음 (조건: 2종목 이상 +2% 이상)
2026-01-25 10:00:36 [INFO] 필터 조건 미충족 → 매수 건너뜀
2026-01-25 10:00:37 [INFO] [한국장] ✓ 전략 실행 완료

# ===== 손절 발생 =====
2026-01-25 11:00:30 [INFO] [한국장] 전략 실행 중...
2026-01-25 11:00:31 [INFO] === 한국 주식 매도 전략 실행 ===
2026-01-25 11:00:32 [WARNING] 종목 035720 (카카오): 수익률 -10.5% → 손절 조건 충족
2026-01-25 11:00:33 [INFO] === SELL 주문 실행 ===
2026-01-25 11:00:33 [INFO] 종목: 035720
2026-01-25 11:00:33 [INFO] 수량: 100주
2026-01-25 11:00:33 [INFO] 가격: 시장가
2026-01-25 11:00:35 [INFO] 주문 성공: 0000123458
2026-01-25 11:00:35 [WARNING] [손절] 035720을 손절 블랙리스트에 추가 (50일간 재매수 금지)
2026-01-25 11:00:35 [INFO] [거래] SELL 035720 100주 @ 43,400원 (수익률: -10.5%) - 손절
2026-01-25 11:00:36 [INFO] [한국장] ✓ 전략 실행 완료

# ===== 한국장 폐장 =====
2026-01-25 15:35:06 [INFO] ==================================================================
2026-01-25 15:35:06 [INFO] [시간] 2026-01-25 15:35:06 KST / 2026-01-25 01:35:06 ET
2026-01-25 15:35:06 [INFO] [시장] 💤 휴장 중
2026-01-25 15:35:06 [INFO] ==================================================================
2026-01-25 15:35:06 [INFO] [휴장] 다음 장 개장까지 대기 중...

# ===== 토큰 자동 재발급 =====
2026-01-25 16:00:06 [INFO] [토큰] 토큰 유효 (만료까지 16시간 30분)
2026-01-25 20:00:06 [INFO] [토큰] 토큰 유효 (만료까지 12시간 30분)
2026-01-25 22:00:06 [INFO] [토큰] 토큰 유효 (만료까지 10시간 30분)

# ===== 미국장 개장 (동계시간: 23:30 KST) =====
2026-01-25 23:30:30 [INFO] ==================================================================
2026-01-25 23:30:30 [INFO] [시간] 2026-01-25 23:30:30 KST / 2026-01-25 09:30:30 ET
2026-01-25 23:30:30 [INFO] [시장] 🇺🇸 미국장 개장 중 (23:30-06:00 KST)
2026-01-25 23:30:30 [INFO] ==================================================================
2026-01-25 23:30:30 [INFO] [미국장] 전략 실행 중...
2026-01-25 23:30:31 [INFO] === 미국 주식 매도 전략 실행 ===
2026-01-25 23:30:32 [INFO] 예수금: $8,450.25
2026-01-25 23:30:32 [INFO] 총 평가금액: $15,230.50
2026-01-25 23:30:33 [INFO] 보유종목 수: 2개
2026-01-25 23:30:34 [INFO] 종목 AAPL: 수익률 +6.8% → 익절 조건 충족
2026-01-25 23:30:35 [INFO] === SELL 주문 실행 ===
2026-01-25 23:30:35 [INFO] 종목: AAPL
2026-01-25 23:30:35 [INFO] 수량: 15주
2026-01-25 23:30:35 [INFO] 가격: 시장가
2026-01-25 23:30:37 [INFO] 주문 성공: US0000567890
2026-01-25 23:30:37 [INFO] [거래] SELL AAPL 15주 @ $189.50 (수익률: +6.8%)
2026-01-25 23:30:38 [INFO] === 미국 주식 매수 전략 실행 ===
2026-01-25 23:30:39 [INFO] [필터 체크] 필터 종목: NVDA, TSLA, MSFT, GOOGL, META
2026-01-25 23:30:40 [INFO] [필터 체크] NVDA: +3.5%, TSLA: -1.2%, MSFT: +2.8%, GOOGL: +1.5%, META: +4.2%
2026-01-25 23:30:40 [INFO] [필터 체크] 통과 (4/5종목 상승)
2026-01-25 23:30:41 [INFO] 하락률 상위 종목 조회 중...
2026-01-25 23:30:42 [INFO]   1. TSLA: -2.5% (현재가 $245.30)
2026-01-25 23:30:42 [INFO]   2. AMZN: -1.8% (현재가 $178.20)
2026-01-25 23:30:42 [INFO]   3. NFLX: -0.9% (현재가 $512.40)
2026-01-25 23:30:43 [INFO] === BUY 주문 실행 ===
2026-01-25 23:30:43 [INFO] 종목: TSLA
2026-01-25 23:30:43 [INFO] 수량: 10주
2026-01-25 23:30:43 [INFO] 가격: 시장가
2026-01-25 23:30:45 [INFO] 주문 성공: US0000567891
2026-01-25 23:30:45 [INFO] [거래] BUY TSLA 10주 @ $245.30
2026-01-25 23:30:46 [INFO] [미국장] ✓ 전략 실행 완료

# ===== 6시간마다 브로커 재초기화 =====
2026-01-26 02:00:06 [INFO] [TOKEN_CHECK] 주기적 브로커 재초기화 (24시간 토큰 만료 대비)
2026-01-26 02:00:07 [INFO] [TOKEN_CHECK] ✅ 주기적 재초기화 성공

# ===== 미국장 폐장 =====
2026-01-26 06:00:30 [INFO] ==================================================================
2026-01-26 06:00:30 [INFO] [시간] 2026-01-26 06:00:30 KST / 2026-01-25 16:00:30 ET
2026-01-26 06:00:30 [INFO] [시장] 💤 휴장 중
2026-01-26 06:00:30 [INFO] ==================================================================
2026-01-26 06:00:30 [INFO] [휴장] 다음 장 개장까지 대기 중...

# ===== 24시간 만료 전 토큰 자동 재발급 =====
2026-01-26 08:00:06 [INFO] [TOKEN_CHECK] 토큰 만료 임박 (30분 남음)
2026-01-26 08:00:07 [INFO] [TOKEN_CHECK] 토큰 자동 재발급 시도...
2026-01-26 08:00:09 [INFO] [TOKEN_CHECK] ✓ 토큰 재발급 완료 (만료: 2026-01-27 08:00:09)
2026-01-26 08:00:10 [INFO] [TOKEN_CHECK] 브로커 재초기화 시작...
2026-01-26 08:00:12 [INFO] [TOKEN_CHECK] ✅ 브로커 재초기화 성공

# ===== 한국장 재개장 =====
2026-01-26 09:00:30 [INFO] ==================================================================
2026-01-26 09:00:30 [INFO] [시간] 2026-01-26 09:00:30 KST / 2026-01-25 19:00:30 ET
2026-01-26 09:00:30 [INFO] [시장] 🇰🇷 한국장 개장 중 (09:00-15:30)
2026-01-26 09:00:30 [INFO] ==================================================================
2026-01-26 09:00:30 [INFO] [한국장] 전략 실행 중...
...

# ===== 오류 발생 및 복구 예시 =====
2026-01-26 10:30:35 [ERROR] 잔고 조회 오류: HTTPSConnectionPool(host='openapi.koreainvestment.com', port=9443): Read timed out. (read timeout=10)
2026-01-26 10:30:36 [INFO] === 한국 주식 매도 전략 실행 ===
2026-01-26 10:30:37 [ERROR] 매도 전략 실행 오류: 잔고 조회 실패
2026-01-26 10:30:38 [INFO] [한국장] ⚠️ 전략 실행 오류: 잔고 조회 실패
2026-01-26 10:35:30 [INFO] [한국장] 전략 실행 중... (재시도)
2026-01-26 10:35:31 [INFO] === 한국 주식 매도 전략 실행 ===
2026-01-26 10:35:32 [INFO] 예수금: 6,850,000원 (복구 성공)
...

# ===== Ctrl+C 종료 =====
2026-01-26 15:45:00 [INFO]

2026-01-26 15:45:00 [INFO] 프로그램 종료 중...
2026-01-26 15:45:01 [INFO] 24시간 자동매매 시스템 종료
